2020-08-12 10:58:59,960 | pipeline_preparation | INFO: NER pipeline added
2020-08-12 10:58:59,961 | pipeline_preparation | INFO: Pattern matching pipeline added
2020-08-12 10:59:31,105 | pipeline_preparation | INFO: NER pipeline added
2020-08-12 10:59:31,105 | pipeline_preparation | INFO: Pattern matching pipeline added
2020-08-12 11:00:17,261 | pipeline_preparation | INFO: NER pipeline added
2020-08-12 11:00:17,261 | pipeline_preparation | INFO: Pattern matching pipeline added
2020-08-12 11:00:21,752 | pipeline_preparation | INFO: NER pipeline added
2020-08-12 11:00:21,752 | pipeline_preparation | INFO: Pattern matching pipeline added
2020-08-12 11:16:46,474 | pipeline_preparation | INFO: NER pipeline added
2020-08-12 11:16:46,474 | pipeline_preparation | INFO: Pattern matching pipeline added
2020-08-12 13:02:15,519 | pipeline_preparation | ERROR: 'Predefined_soft_skills'
Traceback (most recent call last):
  File "C:\Users\Aakash\Desktop\Python\Scraping\Projects\dolp_env\lib\site-packages\pandas\core\indexes\base.py", line 2646, in get_loc
    return self._engine.get_loc(key)
  File "pandas\_libs\index.pyx", line 111, in pandas._libs.index.IndexEngine.get_loc
  File "pandas\_libs\index.pyx", line 138, in pandas._libs.index.IndexEngine.get_loc
  File "pandas\_libs\hashtable_class_helper.pxi", line 1619, in pandas._libs.hashtable.PyObjectHashTable.get_item
  File "pandas\_libs\hashtable_class_helper.pxi", line 1627, in pandas._libs.hashtable.PyObjectHashTable.get_item
KeyError: 'Predefined_soft_skills'

During handling of the above exception, another exception occurred:

Traceback (most recent call last):
  File "C:\Users\Aakash\Desktop\Python\Scraping\Projects\dolphin2\seven\dolphin\cvparser\pipeline.py", line 43, in __init__
    predefined_soft_skills = pd.read_csv(cfg.soft_skills_pool)['Predefined_soft_skills'].to_list()
  File "C:\Users\Aakash\Desktop\Python\Scraping\Projects\dolp_env\lib\site-packages\pandas\core\frame.py", line 2800, in __getitem__
    indexer = self.columns.get_loc(key)
  File "C:\Users\Aakash\Desktop\Python\Scraping\Projects\dolp_env\lib\site-packages\pandas\core\indexes\base.py", line 2648, in get_loc
    return self._engine.get_loc(self._maybe_cast_indexer(key))
  File "pandas\_libs\index.pyx", line 111, in pandas._libs.index.IndexEngine.get_loc
  File "pandas\_libs\index.pyx", line 138, in pandas._libs.index.IndexEngine.get_loc
  File "pandas\_libs\hashtable_class_helper.pxi", line 1619, in pandas._libs.hashtable.PyObjectHashTable.get_item
  File "pandas\_libs\hashtable_class_helper.pxi", line 1627, in pandas._libs.hashtable.PyObjectHashTable.get_item
KeyError: 'Predefined_soft_skills'
2020-08-12 13:05:26,033 | pipeline_preparation | INFO: NER pipeline added
2020-08-12 13:05:26,033 | pipeline_preparation | INFO: Pattern matching pipeline added
2020-08-12 13:06:02,807 | pipeline_preparation | INFO: NER pipeline added
2020-08-12 13:06:02,807 | pipeline_preparation | INFO: Pattern matching pipeline added
2020-08-12 18:23:01,508 | pipeline_preparation | INFO: NER pipeline added
2020-08-12 18:23:01,508 | pipeline_preparation | INFO: Pattern matching pipeline added
2020-08-12 18:23:05,552 | pipeline_preparation | INFO: NER pipeline added
2020-08-12 18:23:05,552 | pipeline_preparation | INFO: Pattern matching pipeline added
2020-08-12 18:24:14,736 | pipeline_preparation | INFO: NER pipeline added
2020-08-12 18:24:14,737 | pipeline_preparation | INFO: Pattern matching pipeline added
2020-08-12 18:24:18,307 | pipeline_preparation | INFO: NER pipeline added
2020-08-12 18:24:18,307 | pipeline_preparation | INFO: Pattern matching pipeline added
2020-08-12 18:29:59,451 | pipeline_preparation | INFO: NER pipeline added
2020-08-12 18:29:59,451 | pipeline_preparation | INFO: Pattern matching pipeline added
2020-08-12 18:30:06,911 | pipeline_preparation | INFO: NER pipeline added
2020-08-12 18:30:06,911 | pipeline_preparation | INFO: Pattern matching pipeline added
2020-08-13 10:31:24,900 | pipeline_preparation | INFO: NER pipeline added
2020-08-13 10:31:24,911 | pipeline_preparation | INFO: Pattern matching pipeline added
2020-08-13 10:31:28,656 | pipeline_preparation | INFO: NER pipeline added
2020-08-13 10:31:28,656 | pipeline_preparation | INFO: Pattern matching pipeline added
2020-08-13 14:40:36,077 | pipeline_preparation | INFO: NER pipeline added
2020-08-13 14:40:36,077 | pipeline_preparation | INFO: Pattern matching pipeline added
2020-08-13 14:40:46,499 | pipeline_preparation | INFO: NER pipeline added
2020-08-13 14:40:46,499 | pipeline_preparation | INFO: Pattern matching pipeline added
2020-08-16 10:55:58,164 | pipeline_preparation | INFO: Profile NER pipeline added
2020-08-16 10:55:58,180 | pipeline_preparation | INFO: Experience Academics NER pipeline added
2020-08-16 10:55:58,180 | pipeline_preparation | INFO: Profile Pattern matching pipeline added
2020-08-16 10:55:58,180 | pipeline_preparation | INFO: Skills Pattern matching pipeline added
2020-08-16 10:58:01,427 | pipeline_preparation | INFO: Profile NER pipeline added
2020-08-16 10:58:01,427 | pipeline_preparation | INFO: Experience Academics NER pipeline added
2020-08-16 10:58:01,427 | pipeline_preparation | INFO: Profile Pattern matching pipeline added
2020-08-16 10:58:01,427 | pipeline_preparation | INFO: Skills Pattern matching pipeline added
2020-08-16 10:58:24,193 | pipeline_preparation | INFO: Profile NER pipeline added
2020-08-16 10:58:24,208 | pipeline_preparation | INFO: Experience Academics NER pipeline added
2020-08-16 10:58:24,208 | pipeline_preparation | INFO: Profile Pattern matching pipeline added
2020-08-16 10:58:24,208 | pipeline_preparation | INFO: Skills Pattern matching pipeline added
2020-08-16 12:56:29,609 | pipeline_preparation | INFO: Profile NER pipeline added
2020-08-16 12:56:29,617 | pipeline_preparation | INFO: Experience Academics NER pipeline added
2020-08-16 12:56:29,617 | pipeline_preparation | INFO: Profile Pattern matching pipeline added
2020-08-16 12:56:29,617 | pipeline_preparation | INFO: Skills Pattern matching pipeline added
2020-08-16 12:56:52,386 | pipeline_preparation | INFO: Profile NER pipeline added
2020-08-16 12:56:52,386 | pipeline_preparation | INFO: Experience Academics NER pipeline added
2020-08-16 12:56:52,386 | pipeline_preparation | INFO: Profile Pattern matching pipeline added
2020-08-16 12:56:52,386 | pipeline_preparation | INFO: Skills Pattern matching pipeline added
2020-08-16 12:57:47,098 | pipeline_preparation | INFO: Profile NER pipeline added
2020-08-16 12:57:47,098 | pipeline_preparation | INFO: Experience Academics NER pipeline added
2020-08-16 12:57:47,099 | pipeline_preparation | INFO: Profile Pattern matching pipeline added
2020-08-16 12:57:47,099 | pipeline_preparation | INFO: Skills Pattern matching pipeline added
2020-08-16 12:58:16,618 | pipeline_preparation | INFO: Profile NER pipeline added
2020-08-16 12:58:16,618 | pipeline_preparation | INFO: Experience Academics NER pipeline added
2020-08-16 12:58:16,618 | pipeline_preparation | INFO: Profile Pattern matching pipeline added
2020-08-16 12:58:16,618 | pipeline_preparation | INFO: Skills Pattern matching pipeline added
2020-08-17 16:38:10,884 | pipeline_preparation | INFO: Profile NER pipeline added
2020-08-17 16:38:10,896 | pipeline_preparation | INFO: Experience Academics NER pipeline added
2020-08-17 16:38:10,896 | pipeline_preparation | INFO: Profile Pattern matching pipeline added
2020-08-17 16:38:10,896 | pipeline_preparation | INFO: Skills Pattern matching pipeline added
2020-08-17 16:39:27,455 | pipeline_preparation | INFO: Profile NER pipeline added
2020-08-17 16:39:27,455 | pipeline_preparation | INFO: Experience Academics NER pipeline added
2020-08-17 16:39:27,455 | pipeline_preparation | INFO: Profile Pattern matching pipeline added
2020-08-17 16:39:27,455 | pipeline_preparation | INFO: Skills Pattern matching pipeline added
2020-08-17 16:39:41,273 | pipeline_preparation | INFO: Profile NER pipeline added
2020-08-17 16:39:41,273 | pipeline_preparation | INFO: Experience Academics NER pipeline added
2020-08-17 16:39:41,273 | pipeline_preparation | INFO: Profile Pattern matching pipeline added
2020-08-17 16:39:41,273 | pipeline_preparation | INFO: Skills Pattern matching pipeline added
2020-08-17 16:39:54,629 | pipeline_preparation | INFO: Profile NER pipeline added
2020-08-17 16:39:54,629 | pipeline_preparation | INFO: Experience Academics NER pipeline added
2020-08-17 16:39:54,630 | pipeline_preparation | INFO: Profile Pattern matching pipeline added
2020-08-17 16:39:54,630 | pipeline_preparation | INFO: Skills Pattern matching pipeline added
2020-08-17 16:40:10,107 | pipeline_preparation | INFO: Profile NER pipeline added
2020-08-17 16:40:10,107 | pipeline_preparation | INFO: Experience Academics NER pipeline added
2020-08-17 16:40:10,107 | pipeline_preparation | INFO: Profile Pattern matching pipeline added
2020-08-17 16:40:10,107 | pipeline_preparation | INFO: Skills Pattern matching pipeline added
2020-08-17 16:40:38,200 | pipeline_preparation | INFO: Profile NER pipeline added
2020-08-17 16:40:38,200 | pipeline_preparation | INFO: Experience Academics NER pipeline added
2020-08-17 16:40:38,200 | pipeline_preparation | INFO: Profile Pattern matching pipeline added
2020-08-17 16:40:38,200 | pipeline_preparation | INFO: Skills Pattern matching pipeline added
2020-08-17 16:40:53,565 | pipeline_preparation | INFO: Profile NER pipeline added
2020-08-17 16:40:53,565 | pipeline_preparation | INFO: Experience Academics NER pipeline added
2020-08-17 16:40:53,565 | pipeline_preparation | INFO: Profile Pattern matching pipeline added
2020-08-17 16:40:53,565 | pipeline_preparation | INFO: Skills Pattern matching pipeline added
2020-08-17 16:41:07,503 | pipeline_preparation | INFO: Profile NER pipeline added
2020-08-17 16:41:07,503 | pipeline_preparation | INFO: Experience Academics NER pipeline added
2020-08-17 16:41:07,503 | pipeline_preparation | INFO: Profile Pattern matching pipeline added
2020-08-17 16:41:07,503 | pipeline_preparation | INFO: Skills Pattern matching pipeline added
2020-08-17 16:41:24,819 | pipeline_preparation | INFO: Profile NER pipeline added
2020-08-17 16:41:24,819 | pipeline_preparation | INFO: Experience Academics NER pipeline added
2020-08-17 16:41:24,819 | pipeline_preparation | INFO: Profile Pattern matching pipeline added
2020-08-17 16:41:24,819 | pipeline_preparation | INFO: Skills Pattern matching pipeline added
2020-08-17 17:06:32,673 | pipeline_preparation | INFO: Profile NER pipeline added
2020-08-17 17:06:32,673 | pipeline_preparation | INFO: Experience Academics NER pipeline added
2020-08-17 17:06:32,673 | pipeline_preparation | INFO: Profile Pattern matching pipeline added
2020-08-17 17:06:32,673 | pipeline_preparation | INFO: Skills Pattern matching pipeline added
2020-08-17 17:06:50,134 | pipeline_preparation | INFO: Profile NER pipeline added
2020-08-17 17:06:50,150 | pipeline_preparation | INFO: Experience Academics NER pipeline added
2020-08-17 17:06:50,150 | pipeline_preparation | INFO: Profile Pattern matching pipeline added
2020-08-17 17:06:50,150 | pipeline_preparation | INFO: Skills Pattern matching pipeline added
2020-08-17 17:07:10,942 | pipeline_preparation | INFO: Profile NER pipeline added
2020-08-17 17:07:10,942 | pipeline_preparation | INFO: Experience Academics NER pipeline added
2020-08-17 17:07:10,942 | pipeline_preparation | INFO: Profile Pattern matching pipeline added
2020-08-17 17:07:10,942 | pipeline_preparation | INFO: Skills Pattern matching pipeline added
2020-08-17 17:13:43,180 | pipeline_preparation | INFO: Profile NER pipeline added
2020-08-17 17:13:43,180 | pipeline_preparation | INFO: Experience Academics NER pipeline added
2020-08-17 17:13:43,180 | pipeline_preparation | INFO: Profile Pattern matching pipeline added
2020-08-17 17:13:43,180 | pipeline_preparation | INFO: Skills Pattern matching pipeline added
2020-08-17 17:13:50,653 | pipeline_preparation | INFO: Profile NER pipeline added
2020-08-17 17:13:50,653 | pipeline_preparation | INFO: Experience Academics NER pipeline added
2020-08-17 17:13:50,653 | pipeline_preparation | INFO: Profile Pattern matching pipeline added
2020-08-17 17:13:50,653 | pipeline_preparation | INFO: Skills Pattern matching pipeline added
2020-08-17 17:15:23,712 | pipeline_preparation | INFO: Profile NER pipeline added
2020-08-17 17:15:23,712 | pipeline_preparation | INFO: Experience Academics NER pipeline added
2020-08-17 17:15:23,712 | pipeline_preparation | INFO: Profile Pattern matching pipeline added
2020-08-17 17:15:23,712 | pipeline_preparation | INFO: Skills Pattern matching pipeline added
2020-08-17 17:18:21,306 | pipeline_preparation | INFO: Profile NER pipeline added
2020-08-17 17:18:21,306 | pipeline_preparation | INFO: Experience Academics NER pipeline added
2020-08-17 17:18:21,306 | pipeline_preparation | INFO: Profile Pattern matching pipeline added
2020-08-17 17:18:21,306 | pipeline_preparation | INFO: Skills Pattern matching pipeline added
2020-08-17 17:27:21,985 | pipeline_preparation | INFO: Profile NER pipeline added
2020-08-17 17:27:21,985 | pipeline_preparation | INFO: Experience Academics NER pipeline added
2020-08-17 17:27:21,985 | pipeline_preparation | INFO: Profile Pattern matching pipeline added
2020-08-17 17:27:21,985 | pipeline_preparation | INFO: Skills Pattern matching pipeline added
2020-08-17 17:27:26,206 | pipeline_preparation | INFO: Profile NER pipeline added
2020-08-17 17:27:26,206 | pipeline_preparation | INFO: Experience Academics NER pipeline added
2020-08-17 17:27:26,206 | pipeline_preparation | INFO: Profile Pattern matching pipeline added
2020-08-17 17:27:26,206 | pipeline_preparation | INFO: Skills Pattern matching pipeline added
2020-08-18 10:32:08,292 | pipeline_preparation | INFO: Profile NER pipeline added
2020-08-18 10:32:08,307 | pipeline_preparation | INFO: Experience Academics NER pipeline added
2020-08-18 10:32:08,307 | pipeline_preparation | INFO: Profile Pattern matching pipeline added
2020-08-18 10:32:08,307 | pipeline_preparation | INFO: Skills Pattern matching pipeline added
2020-08-18 10:32:13,577 | pipeline_preparation | INFO: Profile NER pipeline added
2020-08-18 10:32:13,577 | pipeline_preparation | INFO: Experience Academics NER pipeline added
2020-08-18 10:32:13,577 | pipeline_preparation | INFO: Profile Pattern matching pipeline added
2020-08-18 10:32:13,577 | pipeline_preparation | INFO: Skills Pattern matching pipeline added
2020-08-18 10:46:46,761 | pipeline_preparation | INFO: Profile NER pipeline added
2020-08-18 10:46:46,761 | pipeline_preparation | INFO: Experience Academics NER pipeline added
2020-08-18 10:46:46,761 | pipeline_preparation | INFO: Profile Pattern matching pipeline added
2020-08-18 10:46:46,761 | pipeline_preparation | INFO: Skills Pattern matching pipeline added
2020-08-18 10:46:51,418 | pipeline_preparation | INFO: Profile NER pipeline added
2020-08-18 10:46:51,418 | pipeline_preparation | INFO: Experience Academics NER pipeline added
2020-08-18 10:46:51,418 | pipeline_preparation | INFO: Profile Pattern matching pipeline added
2020-08-18 10:46:51,418 | pipeline_preparation | INFO: Skills Pattern matching pipeline added
2020-08-18 10:50:53,798 | pipeline_preparation | INFO: Profile NER pipeline added
2020-08-18 10:50:53,798 | pipeline_preparation | INFO: Experience Academics NER pipeline added
2020-08-18 10:50:53,798 | pipeline_preparation | INFO: Profile Pattern matching pipeline added
2020-08-18 10:50:53,798 | pipeline_preparation | INFO: Skills Pattern matching pipeline added
2020-08-18 10:51:27,721 | pipeline_preparation | INFO: Profile NER pipeline added
2020-08-18 10:51:27,721 | pipeline_preparation | INFO: Experience Academics NER pipeline added
2020-08-18 10:51:27,721 | pipeline_preparation | INFO: Profile Pattern matching pipeline added
2020-08-18 10:51:27,721 | pipeline_preparation | INFO: Skills Pattern matching pipeline added
2020-08-18 10:51:49,890 | pipeline_preparation | INFO: Profile NER pipeline added
2020-08-18 10:51:49,890 | pipeline_preparation | INFO: Experience Academics NER pipeline added
2020-08-18 10:51:49,890 | pipeline_preparation | INFO: Profile Pattern matching pipeline added
2020-08-18 10:51:49,890 | pipeline_preparation | INFO: Skills Pattern matching pipeline added
2020-08-18 10:52:51,191 | pipeline_preparation | INFO: Profile NER pipeline added
2020-08-18 10:52:51,191 | pipeline_preparation | INFO: Experience Academics NER pipeline added
2020-08-18 10:52:51,191 | pipeline_preparation | INFO: Profile Pattern matching pipeline added
2020-08-18 10:52:51,191 | pipeline_preparation | INFO: Skills Pattern matching pipeline added
2020-08-18 10:54:00,076 | pipeline_preparation | INFO: Profile NER pipeline added
2020-08-18 10:54:00,076 | pipeline_preparation | INFO: Experience Academics NER pipeline added
2020-08-18 10:54:00,076 | pipeline_preparation | INFO: Profile Pattern matching pipeline added
2020-08-18 10:54:00,076 | pipeline_preparation | INFO: Skills Pattern matching pipeline added
2020-08-18 10:55:45,874 | pipeline_preparation | INFO: Profile NER pipeline added
2020-08-18 10:55:45,874 | pipeline_preparation | INFO: Experience Academics NER pipeline added
2020-08-18 10:55:45,874 | pipeline_preparation | INFO: Profile Pattern matching pipeline added
2020-08-18 10:55:45,874 | pipeline_preparation | INFO: Skills Pattern matching pipeline added
2020-08-18 10:56:28,656 | pipeline_preparation | INFO: Profile NER pipeline added
2020-08-18 10:56:28,656 | pipeline_preparation | INFO: Experience Academics NER pipeline added
2020-08-18 10:56:28,656 | pipeline_preparation | INFO: Profile Pattern matching pipeline added
2020-08-18 10:56:28,656 | pipeline_preparation | INFO: Skills Pattern matching pipeline added
2020-08-18 10:58:12,463 | pipeline_preparation | INFO: Profile NER pipeline added
2020-08-18 10:58:12,463 | pipeline_preparation | INFO: Experience Academics NER pipeline added
2020-08-18 10:58:12,463 | pipeline_preparation | INFO: Profile Pattern matching pipeline added
2020-08-18 10:58:12,463 | pipeline_preparation | INFO: Skills Pattern matching pipeline added
2020-08-18 10:58:17,265 | pipeline_preparation | INFO: Profile NER pipeline added
2020-08-18 10:58:17,265 | pipeline_preparation | INFO: Experience Academics NER pipeline added
2020-08-18 10:58:17,265 | pipeline_preparation | INFO: Profile Pattern matching pipeline added
2020-08-18 10:58:17,265 | pipeline_preparation | INFO: Skills Pattern matching pipeline added
2020-08-18 10:59:06,612 | pipeline_preparation | INFO: Profile NER pipeline added
2020-08-18 10:59:06,613 | pipeline_preparation | INFO: Experience Academics NER pipeline added
2020-08-18 10:59:06,613 | pipeline_preparation | INFO: Profile Pattern matching pipeline added
2020-08-18 10:59:06,613 | pipeline_preparation | INFO: Skills Pattern matching pipeline added
2020-08-20 17:03:04,533 | pipeline_preparation | INFO: Profile NER pipeline added
2020-08-20 17:03:04,564 | pipeline_preparation | INFO: Experience Academics NER pipeline added
2020-08-20 17:03:04,564 | pipeline_preparation | INFO: Profile Pattern matching pipeline added
2020-08-20 17:03:04,564 | pipeline_preparation | INFO: Skills Pattern matching pipeline added
2020-08-20 17:04:02,037 | pipeline_preparation | INFO: Profile NER pipeline added
2020-08-20 17:04:02,037 | pipeline_preparation | INFO: Experience Academics NER pipeline added
2020-08-20 17:04:02,037 | pipeline_preparation | INFO: Profile Pattern matching pipeline added
2020-08-20 17:04:02,037 | pipeline_preparation | INFO: Skills Pattern matching pipeline added
2020-08-23 10:39:38,533 | pipeline_preparation | INFO: Profile NER pipeline added
2020-08-23 10:39:38,845 | pipeline_preparation | INFO: Experience Academics NER pipeline added
2020-08-23 10:39:38,845 | pipeline_preparation | INFO: Profile Pattern matching pipeline added
2020-08-23 10:39:38,845 | pipeline_preparation | INFO: Skills Pattern matching pipeline added
2020-08-23 10:39:44,605 | pipeline_preparation | INFO: Profile NER pipeline added
2020-08-23 10:39:44,605 | pipeline_preparation | INFO: Experience Academics NER pipeline added
2020-08-23 10:39:44,605 | pipeline_preparation | INFO: Profile Pattern matching pipeline added
2020-08-23 10:39:44,606 | pipeline_preparation | INFO: Skills Pattern matching pipeline added
2020-08-23 10:45:16,651 | pipeline_preparation | INFO: Profile NER pipeline added
2020-08-23 10:45:16,651 | pipeline_preparation | INFO: Experience Academics NER pipeline added
2020-08-23 10:45:16,651 | pipeline_preparation | INFO: Profile Pattern matching pipeline added
2020-08-23 10:45:16,651 | pipeline_preparation | INFO: Skills Pattern matching pipeline added
2020-08-23 10:45:23,823 | pipeline_preparation | INFO: Profile NER pipeline added
2020-08-23 10:45:23,824 | pipeline_preparation | INFO: Experience Academics NER pipeline added
2020-08-23 10:45:23,824 | pipeline_preparation | INFO: Profile Pattern matching pipeline added
2020-08-23 10:45:23,824 | pipeline_preparation | INFO: Skills Pattern matching pipeline added
2020-08-23 10:45:47,977 | pipeline_preparation | INFO: Profile NER pipeline added
2020-08-23 10:45:47,977 | pipeline_preparation | INFO: Experience Academics NER pipeline added
2020-08-23 10:45:47,977 | pipeline_preparation | INFO: Profile Pattern matching pipeline added
2020-08-23 10:45:47,977 | pipeline_preparation | INFO: Skills Pattern matching pipeline added
2020-08-23 10:47:30,361 | pipeline_preparation | INFO: Profile NER pipeline added
2020-08-23 10:47:30,361 | pipeline_preparation | INFO: Experience Academics NER pipeline added
2020-08-23 10:47:30,361 | pipeline_preparation | INFO: Profile Pattern matching pipeline added
2020-08-23 10:47:30,361 | pipeline_preparation | INFO: Skills Pattern matching pipeline added
2020-08-23 10:48:14,119 | pipeline_preparation | INFO: Profile NER pipeline added
2020-08-23 10:48:14,119 | pipeline_preparation | INFO: Experience Academics NER pipeline added
2020-08-23 10:48:14,119 | pipeline_preparation | INFO: Profile Pattern matching pipeline added
2020-08-23 10:48:14,119 | pipeline_preparation | INFO: Skills Pattern matching pipeline added
2020-08-23 10:51:48,766 | pipeline_preparation | INFO: Profile NER pipeline added
2020-08-23 10:51:48,766 | pipeline_preparation | INFO: Experience Academics NER pipeline added
2020-08-23 10:51:48,766 | pipeline_preparation | INFO: Profile Pattern matching pipeline added
2020-08-23 10:51:48,766 | pipeline_preparation | INFO: Skills Pattern matching pipeline added
2020-08-23 10:52:01,342 | pipeline_preparation | INFO: Profile NER pipeline added
2020-08-23 10:52:01,342 | pipeline_preparation | INFO: Experience Academics NER pipeline added
2020-08-23 10:52:01,342 | pipeline_preparation | INFO: Profile Pattern matching pipeline added
2020-08-23 10:52:01,342 | pipeline_preparation | INFO: Skills Pattern matching pipeline added
2020-08-23 10:54:06,138 | pipeline_preparation | ERROR: [Errno 2] File C:\Users\Aakash\Desktop\Python\Scraping\Projects\Dolphwin_V2\dolphin\cvparser\data/technical_skills.csv does not exist: 'C:\\Users\\Aakash\\Desktop\\Python\\Scraping\\Projects\\Dolphwin_V2\\dolphin\\cvparser\\data/technical_skills.csv'
Traceback (most recent call last):
  File "C:\Users\Aakash\Desktop\Python\Scraping\Projects\Dolphwin_V2\dolphin\cvparser\pipeline.py", line 42, in __init__
    predefined_technical_skills = pd.read_csv(cfg.technical_skills_pool)['Predefined_skills'].to_list()
  File "C:\Users\Aakash\Desktop\Python\Scraping\Projects\dolp_env\lib\site-packages\pandas\io\parsers.py", line 676, in parser_f
    return _read(filepath_or_buffer, kwds)
  File "C:\Users\Aakash\Desktop\Python\Scraping\Projects\dolp_env\lib\site-packages\pandas\io\parsers.py", line 448, in _read
    parser = TextFileReader(fp_or_buf, **kwds)
  File "C:\Users\Aakash\Desktop\Python\Scraping\Projects\dolp_env\lib\site-packages\pandas\io\parsers.py", line 880, in __init__
    self._make_engine(self.engine)
  File "C:\Users\Aakash\Desktop\Python\Scraping\Projects\dolp_env\lib\site-packages\pandas\io\parsers.py", line 1114, in _make_engine
    self._engine = CParserWrapper(self.f, **self.options)
  File "C:\Users\Aakash\Desktop\Python\Scraping\Projects\dolp_env\lib\site-packages\pandas\io\parsers.py", line 1891, in __init__
    self._reader = parsers.TextReader(src, **kwds)
  File "pandas\_libs\parsers.pyx", line 374, in pandas._libs.parsers.TextReader.__cinit__
  File "pandas\_libs\parsers.pyx", line 674, in pandas._libs.parsers.TextReader._setup_parser_source
FileNotFoundError: [Errno 2] File C:\Users\Aakash\Desktop\Python\Scraping\Projects\Dolphwin_V2\dolphin\cvparser\data/technical_skills.csv does not exist: 'C:\\Users\\Aakash\\Desktop\\Python\\Scraping\\Projects\\Dolphwin_V2\\dolphin\\cvparser\\data/technical_skills.csv'
2020-08-23 10:55:15,080 | pipeline_preparation | ERROR: [Errno 2] File C:\Users\Aakash\Desktop\Python\Scraping\Projects\Dolphwin_V2\dolphin\cvparser\data/technical_skills.csv does not exist: 'C:\\Users\\Aakash\\Desktop\\Python\\Scraping\\Projects\\Dolphwin_V2\\dolphin\\cvparser\\data/technical_skills.csv'
Traceback (most recent call last):
  File "C:\Users\Aakash\Desktop\Python\Scraping\Projects\Dolphwin_V2\dolphin\cvparser\pipeline.py", line 42, in __init__
    predefined_technical_skills = pd.read_csv(cfg.technical_skills_pool)['Predefined_skills'].to_list()
  File "C:\Users\Aakash\Desktop\Python\Scraping\Projects\dolp_env\lib\site-packages\pandas\io\parsers.py", line 676, in parser_f
    return _read(filepath_or_buffer, kwds)
  File "C:\Users\Aakash\Desktop\Python\Scraping\Projects\dolp_env\lib\site-packages\pandas\io\parsers.py", line 448, in _read
    parser = TextFileReader(fp_or_buf, **kwds)
  File "C:\Users\Aakash\Desktop\Python\Scraping\Projects\dolp_env\lib\site-packages\pandas\io\parsers.py", line 880, in __init__
    self._make_engine(self.engine)
  File "C:\Users\Aakash\Desktop\Python\Scraping\Projects\dolp_env\lib\site-packages\pandas\io\parsers.py", line 1114, in _make_engine
    self._engine = CParserWrapper(self.f, **self.options)
  File "C:\Users\Aakash\Desktop\Python\Scraping\Projects\dolp_env\lib\site-packages\pandas\io\parsers.py", line 1891, in __init__
    self._reader = parsers.TextReader(src, **kwds)
  File "pandas\_libs\parsers.pyx", line 374, in pandas._libs.parsers.TextReader.__cinit__
  File "pandas\_libs\parsers.pyx", line 674, in pandas._libs.parsers.TextReader._setup_parser_source
FileNotFoundError: [Errno 2] File C:\Users\Aakash\Desktop\Python\Scraping\Projects\Dolphwin_V2\dolphin\cvparser\data/technical_skills.csv does not exist: 'C:\\Users\\Aakash\\Desktop\\Python\\Scraping\\Projects\\Dolphwin_V2\\dolphin\\cvparser\\data/technical_skills.csv'
2020-08-23 10:57:48,249 | pipeline_preparation | ERROR: [Errno 2] File C:\Users\Aakash\Desktop\Python\Scraping\Projects\Dolphwin_V2\dolphin\cvparser\data/technical_skills.csv does not exist: 'C:\\Users\\Aakash\\Desktop\\Python\\Scraping\\Projects\\Dolphwin_V2\\dolphin\\cvparser\\data/technical_skills.csv'
Traceback (most recent call last):
  File "C:\Users\Aakash\Desktop\Python\Scraping\Projects\Dolphwin_V2\dolphin\cvparser\pipeline.py", line 42, in __init__
    predefined_technical_skills = pd.read_csv(cfg.technical_skills_pool)['Predefined_skills'].to_list()
  File "C:\Users\Aakash\Desktop\Python\Scraping\Projects\dolp_env\lib\site-packages\pandas\io\parsers.py", line 676, in parser_f
    return _read(filepath_or_buffer, kwds)
  File "C:\Users\Aakash\Desktop\Python\Scraping\Projects\dolp_env\lib\site-packages\pandas\io\parsers.py", line 448, in _read
    parser = TextFileReader(fp_or_buf, **kwds)
  File "C:\Users\Aakash\Desktop\Python\Scraping\Projects\dolp_env\lib\site-packages\pandas\io\parsers.py", line 880, in __init__
    self._make_engine(self.engine)
  File "C:\Users\Aakash\Desktop\Python\Scraping\Projects\dolp_env\lib\site-packages\pandas\io\parsers.py", line 1114, in _make_engine
    self._engine = CParserWrapper(self.f, **self.options)
  File "C:\Users\Aakash\Desktop\Python\Scraping\Projects\dolp_env\lib\site-packages\pandas\io\parsers.py", line 1891, in __init__
    self._reader = parsers.TextReader(src, **kwds)
  File "pandas\_libs\parsers.pyx", line 374, in pandas._libs.parsers.TextReader.__cinit__
  File "pandas\_libs\parsers.pyx", line 674, in pandas._libs.parsers.TextReader._setup_parser_source
FileNotFoundError: [Errno 2] File C:\Users\Aakash\Desktop\Python\Scraping\Projects\Dolphwin_V2\dolphin\cvparser\data/technical_skills.csv does not exist: 'C:\\Users\\Aakash\\Desktop\\Python\\Scraping\\Projects\\Dolphwin_V2\\dolphin\\cvparser\\data/technical_skills.csv'
2020-08-23 10:58:12,053 | pipeline_preparation | INFO: Profile NER pipeline added
2020-08-23 10:58:12,053 | pipeline_preparation | INFO: Experience Academics NER pipeline added
2020-08-23 10:58:12,053 | pipeline_preparation | INFO: Profile Pattern matching pipeline added
2020-08-23 10:58:12,053 | pipeline_preparation | INFO: Skills Pattern matching pipeline added
2020-08-23 11:02:10,207 | pipeline_preparation | INFO: Profile NER pipeline added
2020-08-23 11:02:10,207 | pipeline_preparation | INFO: Experience Academics NER pipeline added
2020-08-23 11:02:10,207 | pipeline_preparation | INFO: Profile Pattern matching pipeline added
2020-08-23 11:02:10,207 | pipeline_preparation | INFO: Skills Pattern matching pipeline added
2020-08-23 12:20:28,867 | pipeline_preparation | INFO: Profile NER pipeline added
2020-08-23 12:20:28,867 | pipeline_preparation | INFO: Experience Academics NER pipeline added
2020-08-23 12:20:28,867 | pipeline_preparation | INFO: Profile Pattern matching pipeline added
2020-08-23 12:20:28,867 | pipeline_preparation | INFO: Skills Pattern matching pipeline added
2020-08-23 12:29:52,631 | pipeline_preparation | INFO: Profile NER pipeline added
2020-08-23 12:29:52,631 | pipeline_preparation | INFO: Experience Academics NER pipeline added
2020-08-23 12:29:52,631 | pipeline_preparation | INFO: Profile Pattern matching pipeline added
2020-08-23 12:29:52,631 | pipeline_preparation | INFO: Skills Pattern matching pipeline added
2020-08-23 12:30:50,839 | pipeline_preparation | INFO: Profile NER pipeline added
2020-08-23 12:30:50,839 | pipeline_preparation | INFO: Experience Academics NER pipeline added
2020-08-23 12:30:50,839 | pipeline_preparation | INFO: Profile Pattern matching pipeline added
2020-08-23 12:30:50,839 | pipeline_preparation | INFO: Skills Pattern matching pipeline added
2020-08-23 12:51:47,413 | pipeline_preparation | INFO: Profile NER pipeline added
2020-08-23 12:51:47,413 | pipeline_preparation | INFO: Experience Academics NER pipeline added
2020-08-23 12:51:47,414 | pipeline_preparation | INFO: Profile Pattern matching pipeline added
2020-08-23 12:51:47,414 | pipeline_preparation | INFO: Skills Pattern matching pipeline added
2020-08-24 15:51:17,875 | pipeline_preparation | INFO: Profile NER pipeline added
2020-08-24 15:51:17,891 | pipeline_preparation | INFO: Experience Academics NER pipeline added
2020-08-24 15:51:17,891 | pipeline_preparation | INFO: Profile Pattern matching pipeline added
2020-08-24 15:51:17,891 | pipeline_preparation | INFO: Skills Pattern matching pipeline added
2020-08-24 15:56:22,641 | pipeline_preparation | INFO: Profile NER pipeline added
2020-08-24 15:56:22,641 | pipeline_preparation | INFO: Experience Academics NER pipeline added
2020-08-24 15:56:22,641 | pipeline_preparation | INFO: Profile Pattern matching pipeline added
2020-08-24 15:56:22,641 | pipeline_preparation | INFO: Skills Pattern matching pipeline added
2020-08-24 15:58:16,340 | pipeline_preparation | INFO: Profile NER pipeline added
2020-08-24 15:58:16,340 | pipeline_preparation | INFO: Experience Academics NER pipeline added
2020-08-24 15:58:16,340 | pipeline_preparation | INFO: Profile Pattern matching pipeline added
2020-08-24 15:58:16,340 | pipeline_preparation | INFO: Skills Pattern matching pipeline added
2020-08-24 15:59:41,970 | pipeline_preparation | INFO: Profile NER pipeline added
2020-08-24 15:59:41,970 | pipeline_preparation | INFO: Experience Academics NER pipeline added
2020-08-24 15:59:41,970 | pipeline_preparation | INFO: Profile Pattern matching pipeline added
2020-08-24 15:59:41,970 | pipeline_preparation | INFO: Skills Pattern matching pipeline added
2020-08-24 17:08:30,820 | pipeline_preparation | INFO: Profile NER pipeline added
2020-08-24 17:08:30,835 | pipeline_preparation | INFO: Experience Academics NER pipeline added
2020-08-24 17:08:30,835 | pipeline_preparation | INFO: Profile Pattern matching pipeline added
2020-08-24 17:08:30,835 | pipeline_preparation | INFO: Skills Pattern matching pipeline added
2020-08-24 17:10:47,334 | pipeline_preparation | INFO: Profile NER pipeline added
2020-08-24 17:10:47,334 | pipeline_preparation | INFO: Experience Academics NER pipeline added
2020-08-24 17:10:47,334 | pipeline_preparation | INFO: Profile Pattern matching pipeline added
2020-08-24 17:10:47,334 | pipeline_preparation | INFO: Skills Pattern matching pipeline added
2020-08-24 17:12:15,320 | pipeline_preparation | INFO: Profile NER pipeline added
2020-08-24 17:12:15,320 | pipeline_preparation | INFO: Experience Academics NER pipeline added
2020-08-24 17:12:15,320 | pipeline_preparation | INFO: Profile Pattern matching pipeline added
2020-08-24 17:12:15,320 | pipeline_preparation | INFO: Skills Pattern matching pipeline added
2020-08-24 17:12:55,408 | pipeline_preparation | INFO: Profile NER pipeline added
2020-08-24 17:12:55,408 | pipeline_preparation | INFO: Experience Academics NER pipeline added
2020-08-24 17:12:55,408 | pipeline_preparation | INFO: Profile Pattern matching pipeline added
2020-08-24 17:12:55,408 | pipeline_preparation | INFO: Skills Pattern matching pipeline added
2020-08-24 17:13:11,063 | pipeline_preparation | INFO: Profile NER pipeline added
2020-08-24 17:13:11,063 | pipeline_preparation | INFO: Experience Academics NER pipeline added
2020-08-24 17:13:11,063 | pipeline_preparation | INFO: Profile Pattern matching pipeline added
2020-08-24 17:13:11,063 | pipeline_preparation | INFO: Skills Pattern matching pipeline added
2020-08-24 17:13:24,715 | pipeline_preparation | INFO: Profile NER pipeline added
2020-08-24 17:13:24,715 | pipeline_preparation | INFO: Experience Academics NER pipeline added
2020-08-24 17:13:24,715 | pipeline_preparation | INFO: Profile Pattern matching pipeline added
2020-08-24 17:13:24,715 | pipeline_preparation | INFO: Skills Pattern matching pipeline added
2020-08-24 17:14:31,371 | pipeline_preparation | INFO: Profile NER pipeline added
2020-08-24 17:14:31,371 | pipeline_preparation | INFO: Experience Academics NER pipeline added
2020-08-24 17:14:31,371 | pipeline_preparation | INFO: Profile Pattern matching pipeline added
2020-08-24 17:14:31,371 | pipeline_preparation | INFO: Skills Pattern matching pipeline added
2020-08-24 17:15:44,946 | pipeline_preparation | INFO: Profile NER pipeline added
2020-08-24 17:15:44,946 | pipeline_preparation | INFO: Experience Academics NER pipeline added
2020-08-24 17:15:44,946 | pipeline_preparation | INFO: Profile Pattern matching pipeline added
2020-08-24 17:15:44,946 | pipeline_preparation | INFO: Skills Pattern matching pipeline added
2020-08-24 17:16:23,584 | pipeline_preparation | INFO: Profile NER pipeline added
2020-08-24 17:16:23,584 | pipeline_preparation | INFO: Experience Academics NER pipeline added
2020-08-24 17:16:23,584 | pipeline_preparation | INFO: Profile Pattern matching pipeline added
2020-08-24 17:16:23,584 | pipeline_preparation | INFO: Skills Pattern matching pipeline added
2020-08-24 17:16:38,652 | pipeline_preparation | INFO: Profile NER pipeline added
2020-08-24 17:16:38,668 | pipeline_preparation | INFO: Experience Academics NER pipeline added
2020-08-24 17:16:38,668 | pipeline_preparation | INFO: Profile Pattern matching pipeline added
2020-08-24 17:16:38,668 | pipeline_preparation | INFO: Skills Pattern matching pipeline added
2020-08-25 10:19:19,591 | pipeline_preparation | INFO: Profile NER pipeline added
2020-08-25 10:19:19,591 | pipeline_preparation | INFO: Experience Academics NER pipeline added
2020-08-25 10:19:19,591 | pipeline_preparation | INFO: Profile Pattern matching pipeline added
2020-08-25 10:19:19,591 | pipeline_preparation | INFO: Skills Pattern matching pipeline added
2020-08-25 10:19:39,777 | pipeline_preparation | INFO: Profile NER pipeline added
2020-08-25 10:19:39,777 | pipeline_preparation | INFO: Experience Academics NER pipeline added
2020-08-25 10:19:39,777 | pipeline_preparation | INFO: Profile Pattern matching pipeline added
2020-08-25 10:19:39,777 | pipeline_preparation | INFO: Skills Pattern matching pipeline added
2020-08-25 10:19:55,780 | pipeline_preparation | INFO: Profile NER pipeline added
2020-08-25 10:19:55,780 | pipeline_preparation | INFO: Experience Academics NER pipeline added
2020-08-25 10:19:55,780 | pipeline_preparation | INFO: Profile Pattern matching pipeline added
2020-08-25 10:19:55,781 | pipeline_preparation | INFO: Skills Pattern matching pipeline added
2020-08-25 10:24:04,579 | pipeline_preparation | INFO: Profile NER pipeline added
2020-08-25 10:24:04,579 | pipeline_preparation | INFO: Experience Academics NER pipeline added
2020-08-25 10:24:04,579 | pipeline_preparation | INFO: Profile Pattern matching pipeline added
2020-08-25 10:24:04,579 | pipeline_preparation | INFO: Skills Pattern matching pipeline added
2020-08-25 10:24:31,055 | pipeline_preparation | INFO: Profile NER pipeline added
2020-08-25 10:24:31,055 | pipeline_preparation | INFO: Experience Academics NER pipeline added
2020-08-25 10:24:31,055 | pipeline_preparation | INFO: Profile Pattern matching pipeline added
2020-08-25 10:24:31,055 | pipeline_preparation | INFO: Skills Pattern matching pipeline added
2020-08-25 10:25:47,346 | pipeline_preparation | INFO: Profile NER pipeline added
2020-08-25 10:25:47,347 | pipeline_preparation | INFO: Experience Academics NER pipeline added
2020-08-25 10:25:47,347 | pipeline_preparation | INFO: Profile Pattern matching pipeline added
2020-08-25 10:25:47,347 | pipeline_preparation | INFO: Skills Pattern matching pipeline added
2020-08-25 10:26:18,127 | pipeline_preparation | INFO: Profile NER pipeline added
2020-08-25 10:26:18,127 | pipeline_preparation | INFO: Experience Academics NER pipeline added
2020-08-25 10:26:18,127 | pipeline_preparation | INFO: Profile Pattern matching pipeline added
2020-08-25 10:26:18,127 | pipeline_preparation | INFO: Skills Pattern matching pipeline added
2020-08-25 10:26:36,394 | pipeline_preparation | INFO: Profile NER pipeline added
2020-08-25 10:26:36,394 | pipeline_preparation | INFO: Experience Academics NER pipeline added
2020-08-25 10:26:36,394 | pipeline_preparation | INFO: Profile Pattern matching pipeline added
2020-08-25 10:26:36,394 | pipeline_preparation | INFO: Skills Pattern matching pipeline added
2020-08-25 10:27:33,431 | pipeline_preparation | INFO: Profile NER pipeline added
2020-08-25 10:27:33,431 | pipeline_preparation | INFO: Experience Academics NER pipeline added
2020-08-25 10:27:33,431 | pipeline_preparation | INFO: Profile Pattern matching pipeline added
2020-08-25 10:27:33,431 | pipeline_preparation | INFO: Skills Pattern matching pipeline added
2020-08-25 10:27:53,177 | pipeline_preparation | INFO: Profile NER pipeline added
2020-08-25 10:27:53,177 | pipeline_preparation | INFO: Experience Academics NER pipeline added
2020-08-25 10:27:53,177 | pipeline_preparation | INFO: Profile Pattern matching pipeline added
2020-08-25 10:27:53,177 | pipeline_preparation | INFO: Skills Pattern matching pipeline added
2020-08-25 10:28:09,000 | pipeline_preparation | INFO: Profile NER pipeline added
2020-08-25 10:28:09,000 | pipeline_preparation | INFO: Experience Academics NER pipeline added
2020-08-25 10:28:09,000 | pipeline_preparation | INFO: Profile Pattern matching pipeline added
2020-08-25 10:28:09,000 | pipeline_preparation | INFO: Skills Pattern matching pipeline added
2020-08-25 10:28:56,436 | pipeline_preparation | INFO: Profile NER pipeline added
2020-08-25 10:28:56,436 | pipeline_preparation | INFO: Experience Academics NER pipeline added
2020-08-25 10:28:56,436 | pipeline_preparation | INFO: Profile Pattern matching pipeline added
2020-08-25 10:28:56,436 | pipeline_preparation | INFO: Skills Pattern matching pipeline added
2020-08-25 12:00:57,043 | pipeline_preparation | INFO: Profile NER pipeline added
2020-08-25 12:00:57,106 | pipeline_preparation | INFO: Experience Academics NER pipeline added
2020-08-25 12:00:57,106 | pipeline_preparation | INFO: Profile Pattern matching pipeline added
2020-08-25 12:00:57,106 | pipeline_preparation | INFO: Skills Pattern matching pipeline added
2020-08-25 12:01:31,380 | pipeline_preparation | INFO: Profile NER pipeline added
2020-08-25 12:01:31,380 | pipeline_preparation | INFO: Experience Academics NER pipeline added
2020-08-25 12:01:31,380 | pipeline_preparation | INFO: Profile Pattern matching pipeline added
2020-08-25 12:01:31,380 | pipeline_preparation | INFO: Skills Pattern matching pipeline added
2020-08-25 12:01:47,319 | pipeline_preparation | INFO: Profile NER pipeline added
2020-08-25 12:01:47,319 | pipeline_preparation | INFO: Experience Academics NER pipeline added
2020-08-25 12:01:47,319 | pipeline_preparation | INFO: Profile Pattern matching pipeline added
2020-08-25 12:01:47,319 | pipeline_preparation | INFO: Skills Pattern matching pipeline added
2020-08-25 12:02:02,655 | pipeline_preparation | INFO: Profile NER pipeline added
2020-08-25 12:02:02,655 | pipeline_preparation | INFO: Experience Academics NER pipeline added
2020-08-25 12:02:02,655 | pipeline_preparation | INFO: Profile Pattern matching pipeline added
2020-08-25 12:02:02,655 | pipeline_preparation | INFO: Skills Pattern matching pipeline added
2020-08-25 12:02:16,855 | pipeline_preparation | INFO: Profile NER pipeline added
2020-08-25 12:02:16,855 | pipeline_preparation | INFO: Experience Academics NER pipeline added
2020-08-25 12:02:16,855 | pipeline_preparation | INFO: Profile Pattern matching pipeline added
2020-08-25 12:02:16,855 | pipeline_preparation | INFO: Skills Pattern matching pipeline added
2020-08-25 12:02:40,679 | pipeline_preparation | INFO: Profile NER pipeline added
2020-08-25 12:02:40,679 | pipeline_preparation | INFO: Experience Academics NER pipeline added
2020-08-25 12:02:40,679 | pipeline_preparation | INFO: Profile Pattern matching pipeline added
2020-08-25 12:02:40,679 | pipeline_preparation | INFO: Skills Pattern matching pipeline added
2020-08-25 12:02:59,194 | pipeline_preparation | INFO: Profile NER pipeline added
2020-08-25 12:02:59,194 | pipeline_preparation | INFO: Experience Academics NER pipeline added
2020-08-25 12:02:59,195 | pipeline_preparation | INFO: Profile Pattern matching pipeline added
2020-08-25 12:02:59,195 | pipeline_preparation | INFO: Skills Pattern matching pipeline added
2020-08-25 12:03:14,569 | pipeline_preparation | INFO: Profile NER pipeline added
2020-08-25 12:03:14,569 | pipeline_preparation | INFO: Experience Academics NER pipeline added
2020-08-25 12:03:14,569 | pipeline_preparation | INFO: Profile Pattern matching pipeline added
2020-08-25 12:03:14,569 | pipeline_preparation | INFO: Skills Pattern matching pipeline added
2020-08-25 12:03:38,135 | pipeline_preparation | INFO: Profile NER pipeline added
2020-08-25 12:03:38,135 | pipeline_preparation | INFO: Experience Academics NER pipeline added
2020-08-25 12:03:38,135 | pipeline_preparation | INFO: Profile Pattern matching pipeline added
2020-08-25 12:03:38,135 | pipeline_preparation | INFO: Skills Pattern matching pipeline added
2020-08-25 12:03:51,539 | pipeline_preparation | INFO: Profile NER pipeline added
2020-08-25 12:03:51,539 | pipeline_preparation | INFO: Experience Academics NER pipeline added
2020-08-25 12:03:51,539 | pipeline_preparation | INFO: Profile Pattern matching pipeline added
2020-08-25 12:03:51,539 | pipeline_preparation | INFO: Skills Pattern matching pipeline added
2020-08-25 12:04:05,584 | pipeline_preparation | INFO: Profile NER pipeline added
2020-08-25 12:04:05,584 | pipeline_preparation | INFO: Experience Academics NER pipeline added
2020-08-25 12:04:05,584 | pipeline_preparation | INFO: Profile Pattern matching pipeline added
2020-08-25 12:04:05,584 | pipeline_preparation | INFO: Skills Pattern matching pipeline added
2020-08-25 12:04:35,857 | pipeline_preparation | INFO: Profile NER pipeline added
2020-08-25 12:04:35,857 | pipeline_preparation | INFO: Experience Academics NER pipeline added
2020-08-25 12:04:35,872 | pipeline_preparation | INFO: Profile Pattern matching pipeline added
2020-08-25 12:04:35,872 | pipeline_preparation | INFO: Skills Pattern matching pipeline added
2020-08-25 12:04:49,306 | pipeline_preparation | INFO: Profile NER pipeline added
2020-08-25 12:04:49,306 | pipeline_preparation | INFO: Experience Academics NER pipeline added
2020-08-25 12:04:49,306 | pipeline_preparation | INFO: Profile Pattern matching pipeline added
2020-08-25 12:04:49,306 | pipeline_preparation | INFO: Skills Pattern matching pipeline added
2020-08-25 12:05:15,450 | pipeline_preparation | INFO: Profile NER pipeline added
2020-08-25 12:05:15,450 | pipeline_preparation | INFO: Experience Academics NER pipeline added
2020-08-25 12:05:15,451 | pipeline_preparation | INFO: Profile Pattern matching pipeline added
2020-08-25 12:05:15,451 | pipeline_preparation | INFO: Skills Pattern matching pipeline added
2020-08-25 12:05:28,508 | pipeline_preparation | INFO: Profile NER pipeline added
2020-08-25 12:05:28,508 | pipeline_preparation | INFO: Experience Academics NER pipeline added
2020-08-25 12:05:28,508 | pipeline_preparation | INFO: Profile Pattern matching pipeline added
2020-08-25 12:05:28,508 | pipeline_preparation | INFO: Skills Pattern matching pipeline added
2020-08-25 12:05:41,922 | pipeline_preparation | INFO: Profile NER pipeline added
2020-08-25 12:05:41,922 | pipeline_preparation | INFO: Experience Academics NER pipeline added
2020-08-25 12:05:41,922 | pipeline_preparation | INFO: Profile Pattern matching pipeline added
2020-08-25 12:05:41,922 | pipeline_preparation | INFO: Skills Pattern matching pipeline added
2020-08-25 12:08:42,731 | pipeline_preparation | INFO: Profile NER pipeline added
2020-08-25 12:08:42,731 | pipeline_preparation | INFO: Experience Academics NER pipeline added
2020-08-25 12:08:42,731 | pipeline_preparation | INFO: Profile Pattern matching pipeline added
2020-08-25 12:08:42,731 | pipeline_preparation | INFO: Skills Pattern matching pipeline added
2020-08-25 12:08:56,652 | pipeline_preparation | INFO: Profile NER pipeline added
2020-08-25 12:08:56,652 | pipeline_preparation | INFO: Experience Academics NER pipeline added
2020-08-25 12:08:56,652 | pipeline_preparation | INFO: Profile Pattern matching pipeline added
2020-08-25 12:08:56,652 | pipeline_preparation | INFO: Skills Pattern matching pipeline added
2020-08-25 12:09:09,580 | pipeline_preparation | INFO: Profile NER pipeline added
2020-08-25 12:09:09,580 | pipeline_preparation | INFO: Experience Academics NER pipeline added
2020-08-25 12:09:09,580 | pipeline_preparation | INFO: Profile Pattern matching pipeline added
2020-08-25 12:09:09,580 | pipeline_preparation | INFO: Skills Pattern matching pipeline added
2020-08-25 12:09:26,588 | pipeline_preparation | INFO: Profile NER pipeline added
2020-08-25 12:09:26,588 | pipeline_preparation | INFO: Experience Academics NER pipeline added
2020-08-25 12:09:26,588 | pipeline_preparation | INFO: Profile Pattern matching pipeline added
2020-08-25 12:09:26,588 | pipeline_preparation | INFO: Skills Pattern matching pipeline added
2020-08-25 12:10:59,149 | pipeline_preparation | INFO: Profile NER pipeline added
2020-08-25 12:10:59,149 | pipeline_preparation | INFO: Experience Academics NER pipeline added
2020-08-25 12:10:59,150 | pipeline_preparation | INFO: Profile Pattern matching pipeline added
2020-08-25 12:10:59,150 | pipeline_preparation | INFO: Skills Pattern matching pipeline added
2020-08-25 12:11:19,093 | pipeline_preparation | INFO: Profile NER pipeline added
2020-08-25 12:11:19,093 | pipeline_preparation | INFO: Experience Academics NER pipeline added
2020-08-25 12:11:19,093 | pipeline_preparation | INFO: Profile Pattern matching pipeline added
2020-08-25 12:11:19,093 | pipeline_preparation | INFO: Skills Pattern matching pipeline added
2020-08-25 12:11:31,940 | pipeline_preparation | INFO: Profile NER pipeline added
2020-08-25 12:11:31,940 | pipeline_preparation | INFO: Experience Academics NER pipeline added
2020-08-25 12:11:31,940 | pipeline_preparation | INFO: Profile Pattern matching pipeline added
2020-08-25 12:11:31,940 | pipeline_preparation | INFO: Skills Pattern matching pipeline added
2020-08-25 14:43:02,782 | pipeline_preparation | INFO: Profile NER pipeline added
2020-08-25 14:43:02,782 | pipeline_preparation | INFO: Experience Academics NER pipeline added
2020-08-25 14:43:02,782 | pipeline_preparation | INFO: Profile Pattern matching pipeline added
2020-08-25 14:43:02,782 | pipeline_preparation | INFO: Skills Pattern matching pipeline added
2020-08-25 14:43:09,495 | pipeline_preparation | INFO: Profile NER pipeline added
2020-08-25 14:43:09,495 | pipeline_preparation | INFO: Experience Academics NER pipeline added
2020-08-25 14:43:09,495 | pipeline_preparation | INFO: Profile Pattern matching pipeline added
2020-08-25 14:43:09,495 | pipeline_preparation | INFO: Skills Pattern matching pipeline added
2020-09-02 12:35:42,910 | pipeline_preparation | INFO: Skills Pattern matching pipeline added
2020-09-02 12:35:43,705 | pipeline_preparation | INFO: Profile NER pipeline added
2020-09-02 12:35:43,705 | pipeline_preparation | INFO: Profile NER pipeline added
2020-09-02 12:35:43,705 | pipeline_preparation | INFO: Experience Academics NER pipeline added
2020-09-02 12:35:43,705 | pipeline_preparation | INFO: Experience Academics NER pipeline added
2020-09-02 12:35:43,705 | pipeline_preparation | INFO: Profile Pattern matching pipeline added
2020-09-02 12:35:43,705 | pipeline_preparation | INFO: Profile Pattern matching pipeline added
2020-09-02 12:35:43,705 | pipeline_preparation | INFO: Skills Pattern matching pipeline added
2020-09-02 12:35:43,705 | pipeline_preparation | INFO: Skills Pattern matching pipeline added
2020-09-02 12:38:11,845 | pipeline_preparation | INFO: Skills Pattern matching pipeline added
2020-09-02 12:38:12,604 | pipeline_preparation | INFO: Profile NER pipeline added
2020-09-02 12:38:12,604 | pipeline_preparation | INFO: Profile NER pipeline added
2020-09-02 12:38:12,604 | pipeline_preparation | INFO: Experience Academics NER pipeline added
2020-09-02 12:38:12,604 | pipeline_preparation | INFO: Experience Academics NER pipeline added
2020-09-02 12:38:12,604 | pipeline_preparation | INFO: Profile Pattern matching pipeline added
2020-09-02 12:38:12,604 | pipeline_preparation | INFO: Profile Pattern matching pipeline added
2020-09-02 12:38:12,604 | pipeline_preparation | INFO: Skills Pattern matching pipeline added
2020-09-02 12:38:12,604 | pipeline_preparation | INFO: Skills Pattern matching pipeline added
2020-09-02 12:38:27,693 | pipeline_preparation | INFO: Skills Pattern matching pipeline added
2020-09-02 12:38:28,442 | pipeline_preparation | INFO: Profile NER pipeline added
2020-09-02 12:38:28,442 | pipeline_preparation | INFO: Profile NER pipeline added
2020-09-02 12:38:28,567 | pipeline_preparation | INFO: Experience Academics NER pipeline added
2020-09-02 12:38:28,567 | pipeline_preparation | INFO: Experience Academics NER pipeline added
2020-09-02 12:38:28,567 | pipeline_preparation | INFO: Profile Pattern matching pipeline added
2020-09-02 12:38:28,567 | pipeline_preparation | INFO: Profile Pattern matching pipeline added
2020-09-02 12:38:28,567 | pipeline_preparation | INFO: Skills Pattern matching pipeline added
2020-09-02 12:38:28,567 | pipeline_preparation | INFO: Skills Pattern matching pipeline added
2020-09-02 12:38:34,326 | pipeline_preparation | INFO: Skills Pattern matching pipeline added
2020-09-02 12:38:35,102 | pipeline_preparation | INFO: Profile NER pipeline added
2020-09-02 12:38:35,102 | pipeline_preparation | INFO: Profile NER pipeline added
2020-09-02 12:38:35,102 | pipeline_preparation | INFO: Experience Academics NER pipeline added
2020-09-02 12:38:35,102 | pipeline_preparation | INFO: Experience Academics NER pipeline added
2020-09-02 12:38:35,102 | pipeline_preparation | INFO: Profile Pattern matching pipeline added
2020-09-02 12:38:35,102 | pipeline_preparation | INFO: Profile Pattern matching pipeline added
2020-09-02 12:38:35,102 | pipeline_preparation | INFO: Skills Pattern matching pipeline added
2020-09-02 12:38:35,102 | pipeline_preparation | INFO: Skills Pattern matching pipeline added
2020-09-02 12:38:53,238 | pipeline_preparation | INFO: Skills Pattern matching pipeline added
2020-09-02 12:38:54,130 | pipeline_preparation | INFO: Profile NER pipeline added
2020-09-02 12:38:54,130 | pipeline_preparation | INFO: Profile NER pipeline added
2020-09-02 12:38:54,130 | pipeline_preparation | INFO: Experience Academics NER pipeline added
2020-09-02 12:38:54,130 | pipeline_preparation | INFO: Experience Academics NER pipeline added
2020-09-02 12:38:54,130 | pipeline_preparation | INFO: Profile Pattern matching pipeline added
2020-09-02 12:38:54,130 | pipeline_preparation | INFO: Profile Pattern matching pipeline added
2020-09-02 12:38:54,130 | pipeline_preparation | INFO: Skills Pattern matching pipeline added
2020-09-02 12:38:54,130 | pipeline_preparation | INFO: Skills Pattern matching pipeline added
2020-09-02 12:38:54,974 | pipeline_preparation | INFO: Skills Pattern matching pipeline added
2020-09-02 12:38:54,974 | pipeline_preparation | INFO: Skills Pattern matching pipeline added
2020-09-02 12:38:54,974 | pipeline_preparation | INFO: Skills Pattern matching pipeline added
2020-09-02 12:38:59,596 | pipeline_preparation | INFO: Skills Pattern matching pipeline added
2020-09-02 12:39:00,422 | pipeline_preparation | INFO: Profile NER pipeline added
2020-09-02 12:39:00,422 | pipeline_preparation | INFO: Profile NER pipeline added
2020-09-02 12:39:00,422 | pipeline_preparation | INFO: Experience Academics NER pipeline added
2020-09-02 12:39:00,422 | pipeline_preparation | INFO: Experience Academics NER pipeline added
2020-09-02 12:39:00,422 | pipeline_preparation | INFO: Profile Pattern matching pipeline added
2020-09-02 12:39:00,422 | pipeline_preparation | INFO: Profile Pattern matching pipeline added
2020-09-02 12:39:00,422 | pipeline_preparation | INFO: Skills Pattern matching pipeline added
2020-09-02 12:39:00,422 | pipeline_preparation | INFO: Skills Pattern matching pipeline added
2020-09-02 12:39:01,207 | pipeline_preparation | INFO: Skills Pattern matching pipeline added
2020-09-02 12:39:01,207 | pipeline_preparation | INFO: Skills Pattern matching pipeline added
2020-09-02 12:39:01,207 | pipeline_preparation | INFO: Skills Pattern matching pipeline added
2020-09-02 12:43:56,663 | pipeline_preparation | INFO: Skills Pattern matching pipeline added
2020-09-02 12:43:57,406 | pipeline_preparation | INFO: Profile NER pipeline added
2020-09-02 12:43:57,406 | pipeline_preparation | INFO: Profile NER pipeline added
2020-09-02 12:43:57,406 | pipeline_preparation | INFO: Experience Academics NER pipeline added
2020-09-02 12:43:57,406 | pipeline_preparation | INFO: Experience Academics NER pipeline added
2020-09-02 12:43:57,406 | pipeline_preparation | INFO: Profile Pattern matching pipeline added
2020-09-02 12:43:57,406 | pipeline_preparation | INFO: Profile Pattern matching pipeline added
2020-09-02 12:43:57,406 | pipeline_preparation | INFO: Skills Pattern matching pipeline added
2020-09-02 12:43:57,406 | pipeline_preparation | INFO: Skills Pattern matching pipeline added
2020-09-02 12:45:07,963 | pipeline_preparation | INFO: Skills Pattern matching pipeline added
2020-09-02 12:45:31,376 | pipeline_preparation | INFO: Skills Pattern matching pipeline added
2020-09-02 12:45:32,185 | pipeline_preparation | INFO: Profile NER pipeline added
2020-09-02 12:45:32,185 | pipeline_preparation | INFO: Profile NER pipeline added
2020-09-02 12:45:32,185 | pipeline_preparation | INFO: Experience Academics NER pipeline added
2020-09-02 12:45:32,185 | pipeline_preparation | INFO: Experience Academics NER pipeline added
2020-09-02 12:45:32,185 | pipeline_preparation | INFO: Profile Pattern matching pipeline added
2020-09-02 12:45:32,185 | pipeline_preparation | INFO: Profile Pattern matching pipeline added
2020-09-02 12:45:32,185 | pipeline_preparation | INFO: Skills Pattern matching pipeline added
2020-09-02 12:45:32,185 | pipeline_preparation | INFO: Skills Pattern matching pipeline added
2020-09-02 12:47:43,000 | pipeline_preparation | INFO: Skills Pattern matching pipeline added
2020-09-02 12:47:43,774 | pipeline_preparation | INFO: Profile NER pipeline added
2020-09-02 12:47:43,774 | pipeline_preparation | INFO: Profile NER pipeline added
2020-09-02 12:47:43,774 | pipeline_preparation | INFO: Experience Academics NER pipeline added
2020-09-02 12:47:43,774 | pipeline_preparation | INFO: Experience Academics NER pipeline added
2020-09-02 12:47:43,775 | pipeline_preparation | INFO: Profile Pattern matching pipeline added
2020-09-02 12:47:43,775 | pipeline_preparation | INFO: Profile Pattern matching pipeline added
2020-09-02 12:47:43,775 | pipeline_preparation | INFO: Skills Pattern matching pipeline added
2020-09-02 12:47:43,775 | pipeline_preparation | INFO: Skills Pattern matching pipeline added
2020-09-02 12:56:06,288 | pipeline_preparation | INFO: Skills Pattern matching pipeline added
2020-09-02 12:56:07,038 | pipeline_preparation | INFO: Profile NER pipeline added
2020-09-02 12:56:07,038 | pipeline_preparation | INFO: Profile NER pipeline added
2020-09-02 12:56:07,038 | pipeline_preparation | INFO: Experience Academics NER pipeline added
2020-09-02 12:56:07,038 | pipeline_preparation | INFO: Experience Academics NER pipeline added
2020-09-02 12:56:07,038 | pipeline_preparation | INFO: Profile Pattern matching pipeline added
2020-09-02 12:56:07,038 | pipeline_preparation | INFO: Profile Pattern matching pipeline added
2020-09-02 12:56:07,038 | pipeline_preparation | INFO: Skills Pattern matching pipeline added
2020-09-02 12:56:07,038 | pipeline_preparation | INFO: Skills Pattern matching pipeline added
2020-09-02 12:56:07,784 | pipeline_preparation | INFO: Skills Pattern matching pipeline added
2020-09-02 12:56:07,784 | pipeline_preparation | INFO: Skills Pattern matching pipeline added
2020-09-02 12:56:07,784 | pipeline_preparation | INFO: Skills Pattern matching pipeline added
2020-09-02 12:56:12,126 | pipeline_preparation | INFO: Skills Pattern matching pipeline added
2020-09-02 12:56:12,896 | pipeline_preparation | INFO: Profile NER pipeline added
2020-09-02 12:56:12,896 | pipeline_preparation | INFO: Profile NER pipeline added
2020-09-02 12:56:12,897 | pipeline_preparation | INFO: Experience Academics NER pipeline added
2020-09-02 12:56:12,897 | pipeline_preparation | INFO: Experience Academics NER pipeline added
2020-09-02 12:56:12,897 | pipeline_preparation | INFO: Profile Pattern matching pipeline added
2020-09-02 12:56:12,897 | pipeline_preparation | INFO: Profile Pattern matching pipeline added
2020-09-02 12:56:12,897 | pipeline_preparation | INFO: Skills Pattern matching pipeline added
2020-09-02 12:56:12,897 | pipeline_preparation | INFO: Skills Pattern matching pipeline added
2020-09-02 12:56:13,680 | pipeline_preparation | INFO: Skills Pattern matching pipeline added
2020-09-02 12:56:13,680 | pipeline_preparation | INFO: Skills Pattern matching pipeline added
2020-09-02 12:56:13,680 | pipeline_preparation | INFO: Skills Pattern matching pipeline added
2020-09-02 12:59:25,975 | pipeline_preparation | INFO: Skills Pattern matching pipeline added
2020-09-02 12:59:26,726 | pipeline_preparation | INFO: Profile NER pipeline added
2020-09-02 12:59:26,726 | pipeline_preparation | INFO: Profile NER pipeline added
2020-09-02 12:59:26,726 | pipeline_preparation | INFO: Experience Academics NER pipeline added
2020-09-02 12:59:26,726 | pipeline_preparation | INFO: Experience Academics NER pipeline added
2020-09-02 12:59:26,726 | pipeline_preparation | INFO: Profile Pattern matching pipeline added
2020-09-02 12:59:26,726 | pipeline_preparation | INFO: Profile Pattern matching pipeline added
2020-09-02 12:59:26,726 | pipeline_preparation | INFO: Skills Pattern matching pipeline added
2020-09-02 12:59:26,726 | pipeline_preparation | INFO: Skills Pattern matching pipeline added
2020-09-02 12:59:27,489 | pipeline_preparation | INFO: Skills Pattern matching pipeline added
2020-09-02 12:59:27,489 | pipeline_preparation | INFO: Skills Pattern matching pipeline added
2020-09-02 12:59:27,489 | pipeline_preparation | INFO: Skills Pattern matching pipeline added
2020-09-02 12:59:32,327 | pipeline_preparation | INFO: Skills Pattern matching pipeline added
2020-09-02 12:59:33,057 | pipeline_preparation | INFO: Profile NER pipeline added
2020-09-02 12:59:33,057 | pipeline_preparation | INFO: Profile NER pipeline added
2020-09-02 12:59:33,057 | pipeline_preparation | INFO: Experience Academics NER pipeline added
2020-09-02 12:59:33,057 | pipeline_preparation | INFO: Experience Academics NER pipeline added
2020-09-02 12:59:33,057 | pipeline_preparation | INFO: Profile Pattern matching pipeline added
2020-09-02 12:59:33,057 | pipeline_preparation | INFO: Profile Pattern matching pipeline added
2020-09-02 12:59:33,057 | pipeline_preparation | INFO: Skills Pattern matching pipeline added
2020-09-02 12:59:33,057 | pipeline_preparation | INFO: Skills Pattern matching pipeline added
2020-09-02 12:59:33,812 | pipeline_preparation | INFO: Skills Pattern matching pipeline added
2020-09-02 12:59:33,812 | pipeline_preparation | INFO: Skills Pattern matching pipeline added
2020-09-02 12:59:33,812 | pipeline_preparation | INFO: Skills Pattern matching pipeline added
2020-09-02 13:01:01,650 | pipeline_preparation | INFO: Skills Pattern matching pipeline added
2020-09-02 13:01:02,421 | pipeline_preparation | INFO: Profile NER pipeline added
2020-09-02 13:01:02,421 | pipeline_preparation | INFO: Profile NER pipeline added
2020-09-02 13:01:02,421 | pipeline_preparation | INFO: Experience Academics NER pipeline added
2020-09-02 13:01:02,421 | pipeline_preparation | INFO: Experience Academics NER pipeline added
2020-09-02 13:01:02,421 | pipeline_preparation | INFO: Profile Pattern matching pipeline added
2020-09-02 13:01:02,421 | pipeline_preparation | INFO: Profile Pattern matching pipeline added
2020-09-02 13:01:02,421 | pipeline_preparation | INFO: Skills Pattern matching pipeline added
2020-09-02 13:01:02,421 | pipeline_preparation | INFO: Skills Pattern matching pipeline added
2020-09-02 13:01:03,177 | pipeline_preparation | INFO: Skills Pattern matching pipeline added
2020-09-02 13:01:03,177 | pipeline_preparation | INFO: Skills Pattern matching pipeline added
2020-09-02 13:01:03,177 | pipeline_preparation | INFO: Skills Pattern matching pipeline added
2020-09-02 13:01:07,233 | pipeline_preparation | INFO: Skills Pattern matching pipeline added
2020-09-02 13:01:07,959 | pipeline_preparation | INFO: Profile NER pipeline added
2020-09-02 13:01:07,959 | pipeline_preparation | INFO: Profile NER pipeline added
2020-09-02 13:01:07,959 | pipeline_preparation | INFO: Experience Academics NER pipeline added
2020-09-02 13:01:07,959 | pipeline_preparation | INFO: Experience Academics NER pipeline added
2020-09-02 13:01:07,959 | pipeline_preparation | INFO: Profile Pattern matching pipeline added
2020-09-02 13:01:07,959 | pipeline_preparation | INFO: Profile Pattern matching pipeline added
2020-09-02 13:01:07,959 | pipeline_preparation | INFO: Skills Pattern matching pipeline added
2020-09-02 13:01:07,959 | pipeline_preparation | INFO: Skills Pattern matching pipeline added
2020-09-02 13:01:08,709 | pipeline_preparation | INFO: Skills Pattern matching pipeline added
2020-09-02 13:01:08,709 | pipeline_preparation | INFO: Skills Pattern matching pipeline added
2020-09-02 13:01:08,709 | pipeline_preparation | INFO: Skills Pattern matching pipeline added
